Info 0    [11:15:11.687] Format host information updated
Info 1    [11:15:11.690] reload projects.
Info 2    [11:15:11.690] Structure before ensureProjectForOpenFiles:
Info 3    [11:15:11.690] Structure after ensureProjectForOpenFiles:
Info 4    [11:15:11.690] Host file extension mappings updated
Info 5    [11:15:11.796] Search path: /home/shekhar/eclipse-workspace/productWeb/src/main/webapp
Info 6    [11:15:11.812] For info: /home/shekhar/eclipse-workspace/productWeb/src/main/webapp/product.html :: No config files found.
Info 7    [11:15:11.816] Loading global plugin @angular/language-service
Info 8    [11:15:11.816] Enabling plugin @angular/language-service from candidate paths: /home/shekhar/.eclipse/360744286_linux_gtk_x86_64/plugins/org.eclipse.wildwebdeveloper_0.5.2.201911072316/language-servers/node_modules/typescript/lib/tsserverlibrary.js/../../..,/home/shekhar/.eclipse/360744286_linux_gtk_x86_64/plugins/org.eclipse.wildwebdeveloper_0.5.2.201911072316/language-servers/node_modules/@angular/language-service
Info 9    [11:15:11.816] Loading @angular/language-service from /home/shekhar/.eclipse/360744286_linux_gtk_x86_64/plugins/org.eclipse.wildwebdeveloper_0.5.2.201911072316/language-servers/node_modules/typescript/lib/tsserverlibrary.js/../../.. (resolved to /home/shekhar/.eclipse/360744286_linux_gtk_x86_64/plugins/org.eclipse.wildwebdeveloper_0.5.2.201911072316/language-servers/node_modules/node_modules)
Info 10   [11:15:12.164] Plugin validation succeded
Info 11   [11:15:12.181] Starting updateGraphWorker: Project: /dev/null/inferredProject1*
Info 12   [11:15:14.462] Finishing updateGraphWorker: Project: /dev/null/inferredProject1* Version: 1 structureChanged: true Elapsed: 2280.8285240000114ms
Info 13   [11:15:14.462] Project '/dev/null/inferredProject1*' (Inferred) 
Info 14   [11:15:14.462] 	Files (6)

Info 15   [11:15:14.463] -----------------------------------------------
Info 16   [11:15:32.167] Search path: /home/shekhar/eclipse-workspace/productWeb/src/main/webapp
Info 17   [11:15:32.167] For info: /home/shekhar/eclipse-workspace/productWeb/src/main/webapp/product.html :: No config files found.
Info 18   [11:15:32.167] Starting updateGraphWorker: Project: /dev/null/inferredProject1*
Info 19   [11:15:32.192] Finishing updateGraphWorker: Project: /dev/null/inferredProject1* Version: 2 structureChanged: false Elapsed: 24.878252999857068ms
Info 20   [11:15:32.192] Project '/dev/null/inferredProject1*' (Inferred) 
Info 21   [11:15:32.192] 	Files (6)

Info 22   [11:15:32.192] -----------------------------------------------
Info 23   [11:15:35.249] Search path: /home/shekhar/eclipse-workspace/productWeb/src/main/webapp
Info 24   [11:15:35.249] For info: /home/shekhar/eclipse-workspace/productWeb/src/main/webapp/product.html :: No config files found.
Info 25   [11:15:35.249] Starting updateGraphWorker: Project: /dev/null/inferredProject1*
Info 26   [11:15:35.280] Finishing updateGraphWorker: Project: /dev/null/inferredProject1* Version: 3 structureChanged: false Elapsed: 30.133305000141263ms
Info 27   [11:15:35.280] Project '/dev/null/inferredProject1*' (Inferred) 
Info 28   [11:15:35.280] 	Files (6)

Info 29   [11:15:35.280] -----------------------------------------------
Info 30   [11:15:39.388] Search path: /home/shekhar/eclipse-workspace/productWeb/src/main/webapp
Info 31   [11:15:39.388] For info: /home/shekhar/eclipse-workspace/productWeb/src/main/webapp/product.html :: No config files found.
Info 32   [11:15:39.388] Starting updateGraphWorker: Project: /dev/null/inferredProject1*
Info 33   [11:15:39.401] Finishing updateGraphWorker: Project: /dev/null/inferredProject1* Version: 4 structureChanged: false Elapsed: 12.69906899984926ms
Info 34   [11:15:39.401] Project '/dev/null/inferredProject1*' (Inferred) 
Info 35   [11:15:39.401] 	Files (6)

Info 36   [11:15:39.401] -----------------------------------------------
Info 37   [11:15:42.628] Search path: /home/shekhar/eclipse-workspace/productWeb/src/main/webapp
Info 38   [11:15:42.628] For info: /home/shekhar/eclipse-workspace/productWeb/src/main/webapp/product.html :: No config files found.
Info 39   [11:15:42.628] Starting updateGraphWorker: Project: /dev/null/inferredProject1*
Info 40   [11:15:42.666] Finishing updateGraphWorker: Project: /dev/null/inferredProject1* Version: 5 structureChanged: false Elapsed: 37.18380599981174ms
Info 41   [11:15:42.666] Project '/dev/null/inferredProject1*' (Inferred) 
Info 42   [11:15:42.666] 	Files (6)

Info 43   [11:15:42.666] -----------------------------------------------
Info 44   [11:15:45.739] Search path: /home/shekhar/eclipse-workspace/productWeb/src/main/webapp
Info 45   [11:15:45.740] For info: /home/shekhar/eclipse-workspace/productWeb/src/main/webapp/product.html :: No config files found.
Info 46   [11:15:45.740] Starting updateGraphWorker: Project: /dev/null/inferredProject1*
Info 47   [11:15:45.764] Finishing updateGraphWorker: Project: /dev/null/inferredProject1* Version: 6 structureChanged: false Elapsed: 24.527879999950528ms
Info 48   [11:15:45.764] Project '/dev/null/inferredProject1*' (Inferred) 
Info 49   [11:15:45.764] 	Files (6)

Info 50   [11:15:45.764] -----------------------------------------------
Info 51   [11:15:48.578] Search path: /home/shekhar/eclipse-workspace/productWeb/src/main/webapp
Info 52   [11:15:48.578] For info: /home/shekhar/eclipse-workspace/productWeb/src/main/webapp/product.html :: No config files found.
Info 53   [11:15:48.578] Starting updateGraphWorker: Project: /dev/null/inferredProject1*
Info 54   [11:15:48.601] Finishing updateGraphWorker: Project: /dev/null/inferredProject1* Version: 7 structureChanged: false Elapsed: 22.38039299985394ms
Info 55   [11:15:48.601] Project '/dev/null/inferredProject1*' (Inferred) 
Info 56   [11:15:48.601] 	Files (6)

Info 57   [11:15:48.601] -----------------------------------------------
